<?xml version="1.0" encoding="UTF-8"?>
<testsuite xmlns:xsi="http://www.w3.org/2001/XMLSchema-instance" xsi:noNamespaceSchemaLocation="https://maven.apache.org/surefire/maven-surefire-plugin/xsd/surefire-test-report-3.0.xsd" version="3.0" name="com.bank.MockitoAndServiceTest" time="1.34" tests="9" errors="0" skipped="0" failures="0">
  <properties>
[...]
</properties>
  <testcase name="spyDemo" classname="com.bank.MockitoAndServiceTest" time="1.209">
    <system-err><![CDATA[WARNING: A Java agent has been loaded dynamically (C:\Users\danii\.m2\repository\net\bytebuddy\byte-buddy-agent\1.14.12\byte-buddy-agent-1.14.12.jar)
WARNING: If a serviceability tool is in use, please run with -XX:+EnableDynamicAgentLoading to hide this warning
WARNING: If a serviceability tool is not in use, please run with -Djdk.instrument.traceUsage for more information
WARNING: Dynamic loading of agents will be disallowed by default in a future release
]]></system-err>
  </testcase>
  <testcase name="transfer_success" classname="com.bank.MockitoAndServiceTest" time="0.04"/>
  <testcase name="transfer_captorVerifiesExactArguments" classname="com.bank.MockitoAndServiceTest" time="0.004"/>
  <testcase name="transfer_orderOfCalls" classname="com.bank.MockitoAndServiceTest" time="0.021"/>
  <testcase name="transfer_accountNotFound_throwsException" classname="com.bank.MockitoAndServiceTest" time="0.005"/>
  <testcase name="transfer_verifyInteractionCounts" classname="com.bank.MockitoAndServiceTest" time="0.012"/>
  <testcase name="transfer_repositoryThrows_propagates" classname="com.bank.MockitoAndServiceTest" time="0.011"/>
  <testcase name="transfer_insufficientFunds_throwsException" classname="com.bank.MockitoAndServiceTest" time="0.008"/>
  <testcase name="transfer_duplicate_throwsException" classname="com.bank.MockitoAndServiceTest" time="0.004"/>
</testsuite>